Determining if the pthread_create exist failed with the following output:
Change Dir: /home/teodor/ws_moveit/build/panda_moveit_config/CMakeFiles/CMakeTmp

Run Build Command:"/usr/bin/make" "cmTC_22169/fast"
/usr/bin/make -f CMakeFiles/cmTC_22169.dir/build.make CMakeFiles/cmTC_22169.dir/build
make[1]: Entering directory '/home/teodor/ws_moveit/build/panda_moveit_config/CMakeFiles/CMakeTmp'
Building C object CMakeFiles/cmTC_22169.dir/CheckSymbolExists.c.o
/usr/bin/cc    -o CMakeFiles/cmTC_22169.dir/CheckSymbolExists.c.o   -c /home/teodor/ws_moveit/build/panda_moveit_config/CMakeFiles/CMakeTmp/CheckSymbolExists.c
Linking C executable cmTC_22169
/usr/bin/cmake -E cmake_link_script CMakeFiles/cmTC_22169.dir/link.txt --verbose=1
/usr/bin/cc      -rdynamic CMakeFiles/cmTC_22169.dir/CheckSymbolExists.c.o  -o cmTC_22169 
CMakeFiles/cmTC_22169.dir/CheckSymbolExists.c.o: In function `main':
CheckSymbolExists.c:(.text+0x1b): undefined reference to `pthread_create'
collect2: error: ld returned 1 exit status
CMakeFiles/cmTC_22169.dir/build.make:97: recipe for target 'cmTC_22169' failed
make[1]: *** [cmTC_22169] Error 1
make[1]: Leaving directory '/home/teodor/ws_moveit/build/panda_moveit_config/CMakeFiles/CMakeTmp'
Makefile:126: recipe for target 'cmTC_22169/fast' failed
make: *** [cmTC_22169/fast] Error 2

File /home/teodor/ws_moveit/build/panda_moveit_config/CMakeFiles/CMakeTmp/CheckSymbolExists.c:
/* */
#include <pthread.h>

int main(int argc, char** argv)
{
  (void)argv;
#ifndef pthread_create
  return ((int*)(&pthread_create))[argc];
#else
  (void)argc;
  return 0;
#endif
}

Determining if the function pthread_create exists in the pthreads failed with the following output:
Change Dir: /home/teodor/ws_moveit/build/panda_moveit_config/CMakeFiles/CMakeTmp

Run Build Command:"/usr/bin/make" "cmTC_ecc6f/fast"
/usr/bin/make -f CMakeFiles/cmTC_ecc6f.dir/build.make CMakeFiles/cmTC_ecc6f.dir/build
make[1]: Entering directory '/home/teodor/ws_moveit/build/panda_moveit_config/CMakeFiles/CMakeTmp'
Building C object CMakeFiles/cmTC_ecc6f.dir/CheckFunctionExists.c.o
/usr/bin/cc   -DCHECK_FUNCTION_EXISTS=pthread_create   -o CMakeFiles/cmTC_ecc6f.dir/CheckFunctionExists.c.o   -c /usr/share/cmake-3.10/Modules/CheckFunctionExists.c
Linking C executable cmTC_ecc6f
/usr/bin/cmake -E cmake_link_script CMakeFiles/cmTC_ecc6f.dir/link.txt --verbose=1
/usr/bin/cc  -DCHECK_FUNCTION_EXISTS=pthread_create    -rdynamic CMakeFiles/cmTC_ecc6f.dir/CheckFunctionExists.c.o  -o cmTC_ecc6f -lpthreads 
/usr/bin/ld: cannot find -lpthreads
collect2: error: ld returned 1 exit status
CMakeFiles/cmTC_ecc6f.dir/build.make:97: recipe for target 'cmTC_ecc6f' failed
make[1]: *** [cmTC_ecc6f] Error 1
make[1]: Leaving directory '/home/teodor/ws_moveit/build/panda_moveit_config/CMakeFiles/CMakeTmp'
Makefile:126: recipe for target 'cmTC_ecc6f/fast' failed
make: *** [cmTC_ecc6f/fast] Error 2


